<?xml version="1.0" encoding="UTF-8"?>
<!-- Generated by org.testng.reporters.JUnitXMLReporter -->
<testsuite hostname="loadrunner-PC" name="Test" tests="6" failures="0" timestamp="1 Dec 2016 14:21:04 GMT" time="64.208" errors="0">
  <testcase name="f" time="0.177" classname="testng.Css_Selector"/>
  <testcase name="aa" time="0.0" classname="testng.NewTest"/>
  <testcase name="dd" time="0.0" classname="testng.NewTest"/>
  <testcase name="f" time="0.0" classname="testng.NewTest"/>
  <testcase name="r" time="0.0" classname="testng.NewTest"/>
  <testcase name="f" time="37.8" classname="testng.Frames"/>
</testsuite> <!-- Test -->
